  GarbageCollector.cpp
C:\Users\User\Documents\GitHub\reflection\main\Project11\ObjectReflector.h(46,3): warning C4984: 'if constexpr'은 C++17 언어 확장입니다.
  (소스 파일 'GarbageCollector.cpp'을(를) 컴파일하는 중)
      C:\Users\User\Documents\GitHub\reflection\main\Project11\ObjectReflector.h(44,2):
      이 진단은 컴파일러 생성 함수 'ObjectReflector::ObjectReflector(void (__cdecl *)(ObjectReflector *),TARGS ...)'에서 수행되었습니다.
  
C:\Users\User\Documents\GitHub\reflection\main\Project11\ObjectReflector.h(86,3): warning C4984: 'if constexpr'은 C++17 언어 확장입니다.
  (소스 파일 'GarbageCollector.cpp'을(를) 컴파일하는 중)
      C:\Users\User\Documents\GitHub\reflection\main\Project11\ObjectReflector.h(83,7):
      이 진단은 컴파일러 생성 함수 'void ObjectReflector::registerProperty(std::string,int)'에서 수행되었습니다.
  
C:\Users\User\Documents\GitHub\reflection\main\Project11\GarbageCollector.h(241,14): warning C4244: '초기화 중': '__int64'에서 'int'(으)로 변환하면서 데이터가 손실될 수 있습니다.
  (소스 파일 'GarbageCollector.cpp'을(를) 컴파일하는 중)
  
C:\Users\User\Documents\GitHub\reflection\main\Project11\GarbageCollector.cpp(109,27): warning C4267: '=': 'size_t'에서 'int'(으)로 변환하면서 데이터가 손실될 수 있습니다.
C:\Users\User\Documents\GitHub\reflection\main\Project11\GarbageCollector.cpp(165,14): warning C4930: 'std::thread markThread(void)': 프로토타입 함수가 호출되지 않았습니다. 변수 정의로 사용하려고 한 것은 아닌지 확인하십시오.
C:\Users\User\Documents\GitHub\reflection\main\Project11\GarbageCollector.cpp(214,8): warning C4267: '초기화 중': 'size_t'에서 'int'(으)로 변환하면서 데이터가 손실될 수 있습니다.
C:\Users\User\Documents\GitHub\reflection\main\Project11\GarbageCollector.cpp(350,11): warning C4267: '초기화 중': 'size_t'에서 'int'(으)로 변환하면서 데이터가 손실될 수 있습니다.
  코드를 생성하고 있습니다.
  8 of 1985 functions ( 0.4%) were compiled, the rest were copied from previous compilation.
    0 functions were new in current compilation
    5 functions had inline decision re-evaluated but remain unchanged
  코드를 생성했습니다.
  Project11.vcxproj -> C:\Users\User\Documents\GitHub\reflection\main\x64\Release\Project11.exe
